<?xml version="1.0" encoding="UTF-8"?>
<testsuite xmlns:xsi="http://www.w3.org/2001/XMLSchema-instance" xsi:noNamespaceSchemaLocation="https://maven.apache.org/surefire/maven-surefire-plugin/xsd/surefire-test-report.xsd" version="3.0.2" name="com.c7.aeroporto.AeroportoApplicationTests" time="5.594" tests="1" errors="0" skipped="0" failures="0">
  <properties>
    <property name="java.specification.version" value="21"/>
    <property name="sun.jnu.encoding" value="UTF-8"/>
    <property name="java.class.path" value="/home/marta-nascimento/IdeaProjects/p3-java/project/target/test-classes:/home/marta-nascimento/IdeaProjects/p3-java/project/target/classes:/home/marta-nascimento/.m2/repository/org/springframework/boot/spring-boot-starter-data-jpa/3.4.3/spring-boot-starter-data-jpa-3.4.3.jar:/home/marta-nascimento/.m2/repository/org/springframework/boot/spring-boot-starter/3.4.3/spring-boot-starter-3.4.3.jar:/home/marta-nascimento/.m2/repository/org/springframework/boot/spring-boot-starter-logging/3.4.3/spring-boot-starter-logging-3.4.3.jar:/home/marta-nascimento/.m2/repository/ch/qos/logback/logback-classic/1.5.16/logback-classic-1.5.16.jar:/home/marta-nascimento/.m2/repository/ch/qos/logback/logback-core/1.5.16/logback-core-1.5.16.jar:/home/marta-nascimento/.m2/repository/org/apache/logging/log4j/log4j-to-slf4j/2.24.3/log4j-to-slf4j-2.24.3.jar:/home/marta-nascimento/.m2/repository/org/apache/logging/log4j/log4j-api/2.24.3/log4j-api-2.24.3.jar:/home/marta-nascimento/.m2/repository/org/slf4j/jul-to-slf4j/2.0.16/jul-to-slf4j-2.0.16.jar:/home/marta-nascimento/.m2/repository/jakarta/annotation/jakarta.annotation-api/2.1.1/jakarta.annotation-api-2.1.1.jar:/home/marta-nascimento/.m2/repository/org/yaml/snakeyaml/2.3/snakeyaml-2.3.jar:/home/marta-nascimento/.m2/repository/org/springframework/boot/spring-boot-starter-jdbc/3.4.3/spring-boot-starter-jdbc-3.4.3.jar:/home/marta-nascimento/.m2/repository/com/zaxxer/HikariCP/5.1.0/HikariCP-5.1.0.jar:/home/marta-nascimento/.m2/repository/org/springframework/spring-jdbc/6.2.3/spring-jdbc-6.2.3.jar:/home/marta-nascimento/.m2/repository/org/hibernate/orm/hibernate-core/6.6.8.Final/hibernate-core-6.6.8.Final.jar:/home/marta-nascimento/.m2/repository/jakarta/persistence/jakarta.persistence-api/3.1.0/jakarta.persistence-api-3.1.0.jar:/home/marta-nascimento/.m2/repository/jakarta/transaction/jakarta.transaction-api/2.0.1/jakarta.transaction-api-2.0.1.jar:/home/marta-nascimento/.m2/repository/org/jboss/logging/jboss-logging/3.6.1.Final/jboss-logging-3.6.1.Final.jar:/home/marta-nascimento/.m2/repository/org/hibernate/common/hibernate-commons-annotations/7.0.3.Final/hibernate-commons-annotations-7.0.3.Final.jar:/home/marta-nascimento/.m2/repository/io/smallrye/jandex/3.2.0/jandex-3.2.0.jar:/home/marta-nascimento/.m2/repository/com/fasterxml/classmate/1.7.0/classmate-1.7.0.jar:/home/marta-nascimento/.m2/repository/net/bytebuddy/byte-buddy/1.15.11/byte-buddy-1.15.11.jar:/home/marta-nascimento/.m2/repository/org/glassfish/jaxb/jaxb-runtime/4.0.5/jaxb-runtime-4.0.5.jar:/home/marta-nascimento/.m2/repository/org/glassfish/jaxb/jaxb-core/4.0.5/jaxb-core-4.0.5.jar:/home/marta-nascimento/.m2/repository/org/eclipse/angus/angus-activation/2.0.2/angus-activation-2.0.2.jar:/home/marta-nascimento/.m2/repository/org/glassfish/jaxb/txw2/4.0.5/txw2-4.0.5.jar:/home/marta-nascimento/.m2/repository/com/sun/istack/istack-commons-runtime/4.1.2/istack-commons-runtime-4.1.2.jar:/home/marta-nascimento/.m2/repository/jakarta/inject/jakarta.inject-api/2.0.1/jakarta.inject-api-2.0.1.jar:/home/marta-nascimento/.m2/repository/org/antlr/antlr4-runtime/4.13.0/antlr4-runtime-4.13.0.jar:/home/marta-nascimento/.m2/repository/org/springframework/data/spring-data-jpa/3.4.3/spring-data-jpa-3.4.3.jar:/home/marta-nascimento/.m2/repository/org/springframework/data/spring-data-commons/3.4.3/spring-data-commons-3.4.3.jar:/home/marta-nascimento/.m2/repository/org/springframework/spring-orm/6.2.3/spring-orm-6.2.3.jar:/home/marta-nascimento/.m2/repository/org/springframework/spring-context/6.2.3/spring-context-6.2.3.jar:/home/marta-nascimento/.m2/repository/org/springframework/spring-aop/6.2.3/spring-aop-6.2.3.jar:/home/marta-nascimento/.m2/repository/org/springframework/spring-tx/6.2.3/spring-tx-6.2.3.jar:/home/marta-nascimento/.m2/repository/org/springframework/spring-beans/6.2.3/spring-beans-6.2.3.jar:/home/marta-nascimento/.m2/repository/org/slf4j/slf4j-api/2.0.16/slf4j-api-2.0.16.jar:/home/marta-nascimento/.m2/repository/org/springframework/spring-aspects/6.2.3/spring-aspects-6.2.3.jar:/home/marta-nascimento/.m2/repository/org/aspectj/aspectjweaver/1.9.22.1/aspectjweaver-1.9.22.1.jar:/home/marta-nascimento/.m2/repository/org/springframework/boot/spring-boot-starter-web/3.4.3/spring-boot-starter-web-3.4.3.jar:/home/marta-nascimento/.m2/repository/org/springframework/boot/spring-boot-starter-json/3.4.3/spring-boot-starter-json-3.4.3.jar:/home/marta-nascimento/.m2/repository/com/fasterxml/jackson/core/jackson-databind/2.18.2/jackson-databind-2.18.2.jar:/home/marta-nascimento/.m2/repository/com/fasterxml/jackson/core/jackson-annotations/2.18.2/jackson-annotations-2.18.2.jar:/home/marta-nascimento/.m2/repository/com/fasterxml/jackson/core/jackson-core/2.18.2/jackson-core-2.18.2.jar:/home/marta-nascimento/.m2/repository/com/fasterxml/jackson/datatype/jackson-datatype-jdk8/2.18.2/jackson-datatype-jdk8-2.18.2.jar:/home/marta-nascimento/.m2/repository/com/fasterxml/jackson/datatype/jackson-datatype-jsr310/2.18.2/jackson-datatype-jsr310-2.18.2.jar:/home/marta-nascimento/.m2/repository/com/fasterxml/jackson/module/jackson-module-parameter-names/2.18.2/jackson-module-parameter-names-2.18.2.jar:/home/marta-nascimento/.m2/repository/org/springframework/boot/spring-boot-starter-tomcat/3.4.3/spring-boot-starter-tomcat-3.4.3.jar:/home/marta-nascimento/.m2/repository/org/apache/tomcat/embed/tomcat-embed-core/10.1.36/tomcat-embed-core-10.1.36.jar:/home/marta-nascimento/.m2/repository/org/apache/tomcat/embed/tomcat-embed-el/10.1.36/tomcat-embed-el-10.1.36.jar:/home/marta-nascimento/.m2/repository/org/apache/tomcat/embed/tomcat-embed-websocket/10.1.36/tomcat-embed-websocket-10.1.36.jar:/home/marta-nascimento/.m2/repository/org/springframework/spring-web/6.2.3/spring-web-6.2.3.jar:/home/marta-nascimento/.m2/repository/io/micrometer/micrometer-observation/1.14.4/micrometer-observation-1.14.4.jar:/home/marta-nascimento/.m2/repository/io/micrometer/micrometer-commons/1.14.4/micrometer-commons-1.14.4.jar:/home/marta-nascimento/.m2/repository/org/springframework/spring-webmvc/6.2.3/spring-webmvc-6.2.3.jar:/home/marta-nascimento/.m2/repository/org/springframework/spring-expression/6.2.3/spring-expression-6.2.3.jar:/home/marta-nascimento/.m2/repository/org/springframework/boot/spring-boot-starter-test/3.4.3/spring-boot-starter-test-3.4.3.jar:/home/marta-nascimento/.m2/repository/org/springframework/boot/spring-boot-test/3.4.3/spring-boot-test-3.4.3.jar:/home/marta-nascimento/.m2/repository/org/springframework/boot/spring-boot-test-autoconfigure/3.4.3/spring-boot-test-autoconfigure-3.4.3.jar:/home/marta-nascimento/.m2/repository/com/jayway/jsonpath/json-path/2.9.0/json-path-2.9.0.jar:/home/marta-nascimento/.m2/repository/jakarta/xml/bind/jakarta.xml.bind-api/4.0.2/jakarta.xml.bind-api-4.0.2.jar:/home/marta-nascimento/.m2/repository/jakarta/activation/jakarta.activation-api/2.1.3/jakarta.activation-api-2.1.3.jar:/home/marta-nascimento/.m2/repository/net/minidev/json-smart/2.5.2/json-smart-2.5.2.jar:/home/marta-nascimento/.m2/repository/net/minidev/accessors-smart/2.5.2/accessors-smart-2.5.2.jar:/home/marta-nascimento/.m2/repository/org/ow2/asm/asm/9.7.1/asm-9.7.1.jar:/home/marta-nascimento/.m2/repository/org/assertj/assertj-core/3.26.3/assertj-core-3.26.3.jar:/home/marta-nascimento/.m2/repository/org/awaitility/awaitility/4.2.2/awaitility-4.2.2.jar:/home/marta-nascimento/.m2/repository/org/hamcrest/hamcrest/2.2/hamcrest-2.2.jar:/home/marta-nascimento/.m2/repository/org/junit/jupiter/junit-jupiter/5.11.4/junit-jupiter-5.11.4.jar:/home/marta-nascimento/.m2/repository/org/junit/jupiter/junit-jupiter-api/5.11.4/junit-jupiter-api-5.11.4.jar:/home/marta-nascimento/.m2/repository/org/opentest4j/opentest4j/1.3.0/opentest4j-1.3.0.jar:/home/marta-nascimento/.m2/repository/org/junit/platform/junit-platform-commons/1.11.4/junit-platform-commons-1.11.4.jar:/home/marta-nascimento/.m2/repository/org/apiguardian/apiguardian-api/1.1.2/apiguardian-api-1.1.2.jar:/home/marta-nascimento/.m2/repository/org/junit/jupiter/junit-jupiter-params/5.11.4/junit-jupiter-params-5.11.4.jar:/home/marta-nascimento/.m2/repository/org/junit/jupiter/junit-jupiter-engine/5.11.4/junit-jupiter-engine-5.11.4.jar:/home/marta-nascimento/.m2/repository/org/junit/platform/junit-platform-engine/1.11.4/junit-platform-engine-1.11.4.jar:/home/marta-nascimento/.m2/repository/org/mockito/mockito-core/5.14.2/mockito-core-5.14.2.jar:/home/marta-nascimento/.m2/repository/net/bytebuddy/byte-buddy-agent/1.15.11/byte-buddy-agent-1.15.11.jar:/home/marta-nascimento/.m2/repository/org/objenesis/objenesis/3.3/objenesis-3.3.jar:/home/marta-nascimento/.m2/repository/org/mockito/mockito-junit-jupiter/5.14.2/mockito-junit-jupiter-5.14.2.jar:/home/marta-nascimento/.m2/repository/org/skyscreamer/jsonassert/1.5.3/jsonassert-1.5.3.jar:/home/marta-nascimento/.m2/repository/com/vaadin/external/google/android-json/0.0.20131108.vaadin1/android-json-0.0.20131108.vaadin1.jar:/home/marta-nascimento/.m2/repository/org/springframework/spring-core/6.2.3/spring-core-6.2.3.jar:/home/marta-nascimento/.m2/repository/org/springframework/spring-jcl/6.2.3/spring-jcl-6.2.3.jar:/home/marta-nascimento/.m2/repository/org/springframework/spring-test/6.2.3/spring-test-6.2.3.jar:/home/marta-nascimento/.m2/repository/org/xmlunit/xmlunit-core/2.10.0/xmlunit-core-2.10.0.jar:/home/marta-nascimento/.m2/repository/org/springframework/boot/spring-boot-devtools/3.4.0/spring-boot-devtools-3.4.0.jar:/home/marta-nascimento/.m2/repository/org/springframework/boot/spring-boot/3.4.3/spring-boot-3.4.3.jar:/home/marta-nascimento/.m2/repository/org/springframework/boot/spring-boot-autoconfigure/3.4.3/spring-boot-autoconfigure-3.4.3.jar:/home/marta-nascimento/.m2/repository/com/h2database/h2/2.3.232/h2-2.3.232.jar:/home/marta-nascimento/.m2/repository/org/postgresql/postgresql/42.7.5/postgresql-42.7.5.jar:/home/marta-nascimento/.m2/repository/org/checkerframework/checker-qual/3.48.3/checker-qual-3.48.3.jar:/home/marta-nascimento/.m2/repository/org/projectlombok/lombok/1.18.30/lombok-1.18.30.jar:"/>
    <property name="java.vm.vendor" value="Ubuntu"/>
    <property name="sun.arch.data.model" value="64"/>
    <property name="java.vendor.url" value="https://ubuntu.com/"/>
    <property name="user.timezone" value="America/Fortaleza"/>
    <property name="org.jboss.logging.provider" value="slf4j"/>
    <property name="os.name" value="Linux"/>
    <property name="java.vm.specification.version" value="21"/>
    <property name="sun.java.launcher" value="SUN_STANDARD"/>
    <property name="user.country" value="BR"/>
    <property name="sun.boot.library.path" value="/usr/lib/jvm/java-21-openjdk-amd64/lib"/>
    <property name="sun.java.command" value="/home/marta-nascimento/IdeaProjects/p3-java/project/target/surefire/surefirebooter-20250416075030094_3.jar /home/marta-nascimento/IdeaProjects/p3-java/project/target/surefire 2025-04-16T07-50-29_963-jvmRun1 surefire-20250416075030094_1tmp surefire_0-20250416075030094_2tmp"/>
    <property name="jdk.debug" value="release"/>
    <property name="surefire.test.class.path" value="/home/marta-nascimento/IdeaProjects/p3-java/project/target/test-classes:/home/marta-nascimento/IdeaProjects/p3-java/project/target/classes:/home/marta-nascimento/.m2/repository/org/springframework/boot/spring-boot-starter-data-jpa/3.4.3/spring-boot-starter-data-jpa-3.4.3.jar:/home/marta-nascimento/.m2/repository/org/springframework/boot/spring-boot-starter/3.4.3/spring-boot-starter-3.4.3.jar:/home/marta-nascimento/.m2/repository/org/springframework/boot/spring-boot-starter-logging/3.4.3/spring-boot-starter-logging-3.4.3.jar:/home/marta-nascimento/.m2/repository/ch/qos/logback/logback-classic/1.5.16/logback-classic-1.5.16.jar:/home/marta-nascimento/.m2/repository/ch/qos/logback/logback-core/1.5.16/logback-core-1.5.16.jar:/home/marta-nascimento/.m2/repository/org/apache/logging/log4j/log4j-to-slf4j/2.24.3/log4j-to-slf4j-2.24.3.jar:/home/marta-nascimento/.m2/repository/org/apache/logging/log4j/log4j-api/2.24.3/log4j-api-2.24.3.jar:/home/marta-nascimento/.m2/repository/org/slf4j/jul-to-slf4j/2.0.16/jul-to-slf4j-2.0.16.jar:/home/marta-nascimento/.m2/repository/jakarta/annotation/jakarta.annotation-api/2.1.1/jakarta.annotation-api-2.1.1.jar:/home/marta-nascimento/.m2/repository/org/yaml/snakeyaml/2.3/snakeyaml-2.3.jar:/home/marta-nascimento/.m2/repository/org/springframework/boot/spring-boot-starter-jdbc/3.4.3/spring-boot-starter-jdbc-3.4.3.jar:/home/marta-nascimento/.m2/repository/com/zaxxer/HikariCP/5.1.0/HikariCP-5.1.0.jar:/home/marta-nascimento/.m2/repository/org/springframework/spring-jdbc/6.2.3/spring-jdbc-6.2.3.jar:/home/marta-nascimento/.m2/repository/org/hibernate/orm/hibernate-core/6.6.8.Final/hibernate-core-6.6.8.Final.jar:/home/marta-nascimento/.m2/repository/jakarta/persistence/jakarta.persistence-api/3.1.0/jakarta.persistence-api-3.1.0.jar:/home/marta-nascimento/.m2/repository/jakarta/transaction/jakarta.transaction-api/2.0.1/jakarta.transaction-api-2.0.1.jar:/home/marta-nascimento/.m2/repository/org/jboss/logging/jboss-logging/3.6.1.Final/jboss-logging-3.6.1.Final.jar:/home/marta-nascimento/.m2/repository/org/hibernate/common/hibernate-commons-annotations/7.0.3.Final/hibernate-commons-annotations-7.0.3.Final.jar:/home/marta-nascimento/.m2/repository/io/smallrye/jandex/3.2.0/jandex-3.2.0.jar:/home/marta-nascimento/.m2/repository/com/fasterxml/classmate/1.7.0/classmate-1.7.0.jar:/home/marta-nascimento/.m2/repository/net/bytebuddy/byte-buddy/1.15.11/byte-buddy-1.15.11.jar:/home/marta-nascimento/.m2/repository/org/glassfish/jaxb/jaxb-runtime/4.0.5/jaxb-runtime-4.0.5.jar:/home/marta-nascimento/.m2/repository/org/glassfish/jaxb/jaxb-core/4.0.5/jaxb-core-4.0.5.jar:/home/marta-nascimento/.m2/repository/org/eclipse/angus/angus-activation/2.0.2/angus-activation-2.0.2.jar:/home/marta-nascimento/.m2/repository/org/glassfish/jaxb/txw2/4.0.5/txw2-4.0.5.jar:/home/marta-nascimento/.m2/repository/com/sun/istack/istack-commons-runtime/4.1.2/istack-commons-runtime-4.1.2.jar:/home/marta-nascimento/.m2/repository/jakarta/inject/jakarta.inject-api/2.0.1/jakarta.inject-api-2.0.1.jar:/home/marta-nascimento/.m2/repository/org/antlr/antlr4-runtime/4.13.0/antlr4-runtime-4.13.0.jar:/home/marta-nascimento/.m2/repository/org/springframework/data/spring-data-jpa/3.4.3/spring-data-jpa-3.4.3.jar:/home/marta-nascimento/.m2/repository/org/springframework/data/spring-data-commons/3.4.3/spring-data-commons-3.4.3.jar:/home/marta-nascimento/.m2/repository/org/springframework/spring-orm/6.2.3/spring-orm-6.2.3.jar:/home/marta-nascimento/.m2/repository/org/springframework/spring-context/6.2.3/spring-context-6.2.3.jar:/home/marta-nascimento/.m2/repository/org/springframework/spring-aop/6.2.3/spring-aop-6.2.3.jar:/home/marta-nascimento/.m2/repository/org/springframework/spring-tx/6.2.3/spring-tx-6.2.3.jar:/home/marta-nascimento/.m2/repository/org/springframework/spring-beans/6.2.3/spring-beans-6.2.3.jar:/home/marta-nascimento/.m2/repository/org/slf4j/slf4j-api/2.0.16/slf4j-api-2.0.16.jar:/home/marta-nascimento/.m2/repository/org/springframework/spring-aspects/6.2.3/spring-aspects-6.2.3.jar:/home/marta-nascimento/.m2/repository/org/aspectj/aspectjweaver/1.9.22.1/aspectjweaver-1.9.22.1.jar:/home/marta-nascimento/.m2/repository/org/springframework/boot/spring-boot-starter-web/3.4.3/spring-boot-starter-web-3.4.3.jar:/home/marta-nascimento/.m2/repository/org/springframework/boot/spring-boot-starter-json/3.4.3/spring-boot-starter-json-3.4.3.jar:/home/marta-nascimento/.m2/repository/com/fasterxml/jackson/core/jackson-databind/2.18.2/jackson-databind-2.18.2.jar:/home/marta-nascimento/.m2/repository/com/fasterxml/jackson/core/jackson-annotations/2.18.2/jackson-annotations-2.18.2.jar:/home/marta-nascimento/.m2/repository/com/fasterxml/jackson/core/jackson-core/2.18.2/jackson-core-2.18.2.jar:/home/marta-nascimento/.m2/repository/com/fasterxml/jackson/datatype/jackson-datatype-jdk8/2.18.2/jackson-datatype-jdk8-2.18.2.jar:/home/marta-nascimento/.m2/repository/com/fasterxml/jackson/datatype/jackson-datatype-jsr310/2.18.2/jackson-datatype-jsr310-2.18.2.jar:/home/marta-nascimento/.m2/repository/com/fasterxml/jackson/module/jackson-module-parameter-names/2.18.2/jackson-module-parameter-names-2.18.2.jar:/home/marta-nascimento/.m2/repository/org/springframework/boot/spring-boot-starter-tomcat/3.4.3/spring-boot-starter-tomcat-3.4.3.jar:/home/marta-nascimento/.m2/repository/org/apache/tomcat/embed/tomcat-embed-core/10.1.36/tomcat-embed-core-10.1.36.jar:/home/marta-nascimento/.m2/repository/org/apache/tomcat/embed/tomcat-embed-el/10.1.36/tomcat-embed-el-10.1.36.jar:/home/marta-nascimento/.m2/repository/org/apache/tomcat/embed/tomcat-embed-websocket/10.1.36/tomcat-embed-websocket-10.1.36.jar:/home/marta-nascimento/.m2/repository/org/springframework/spring-web/6.2.3/spring-web-6.2.3.jar:/home/marta-nascimento/.m2/repository/io/micrometer/micrometer-observation/1.14.4/micrometer-observation-1.14.4.jar:/home/marta-nascimento/.m2/repository/io/micrometer/micrometer-commons/1.14.4/micrometer-commons-1.14.4.jar:/home/marta-nascimento/.m2/repository/org/springframework/spring-webmvc/6.2.3/spring-webmvc-6.2.3.jar:/home/marta-nascimento/.m2/repository/org/springframework/spring-expression/6.2.3/spring-expression-6.2.3.jar:/home/marta-nascimento/.m2/repository/org/springframework/boot/spring-boot-starter-test/3.4.3/spring-boot-starter-test-3.4.3.jar:/home/marta-nascimento/.m2/repository/org/springframework/boot/spring-boot-test/3.4.3/spring-boot-test-3.4.3.jar:/home/marta-nascimento/.m2/repository/org/springframework/boot/spring-boot-test-autoconfigure/3.4.3/spring-boot-test-autoconfigure-3.4.3.jar:/home/marta-nascimento/.m2/repository/com/jayway/jsonpath/json-path/2.9.0/json-path-2.9.0.jar:/home/marta-nascimento/.m2/repository/jakarta/xml/bind/jakarta.xml.bind-api/4.0.2/jakarta.xml.bind-api-4.0.2.jar:/home/marta-nascimento/.m2/repository/jakarta/activation/jakarta.activation-api/2.1.3/jakarta.activation-api-2.1.3.jar:/home/marta-nascimento/.m2/repository/net/minidev/json-smart/2.5.2/json-smart-2.5.2.jar:/home/marta-nascimento/.m2/repository/net/minidev/accessors-smart/2.5.2/accessors-smart-2.5.2.jar:/home/marta-nascimento/.m2/repository/org/ow2/asm/asm/9.7.1/asm-9.7.1.jar:/home/marta-nascimento/.m2/repository/org/assertj/assertj-core/3.26.3/assertj-core-3.26.3.jar:/home/marta-nascimento/.m2/repository/org/awaitility/awaitility/4.2.2/awaitility-4.2.2.jar:/home/marta-nascimento/.m2/repository/org/hamcrest/hamcrest/2.2/hamcrest-2.2.jar:/home/marta-nascimento/.m2/repository/org/junit/jupiter/junit-jupiter/5.11.4/junit-jupiter-5.11.4.jar:/home/marta-nascimento/.m2/repository/org/junit/jupiter/junit-jupiter-api/5.11.4/junit-jupiter-api-5.11.4.jar:/home/marta-nascimento/.m2/repository/org/opentest4j/opentest4j/1.3.0/opentest4j-1.3.0.jar:/home/marta-nascimento/.m2/repository/org/junit/platform/junit-platform-commons/1.11.4/junit-platform-commons-1.11.4.jar:/home/marta-nascimento/.m2/repository/org/apiguardian/apiguardian-api/1.1.2/apiguardian-api-1.1.2.jar:/home/marta-nascimento/.m2/repository/org/junit/jupiter/junit-jupiter-params/5.11.4/junit-jupiter-params-5.11.4.jar:/home/marta-nascimento/.m2/repository/org/junit/jupiter/junit-jupiter-engine/5.11.4/junit-jupiter-engine-5.11.4.jar:/home/marta-nascimento/.m2/repository/org/junit/platform/junit-platform-engine/1.11.4/junit-platform-engine-1.11.4.jar:/home/marta-nascimento/.m2/repository/org/mockito/mockito-core/5.14.2/mockito-core-5.14.2.jar:/home/marta-nascimento/.m2/repository/net/bytebuddy/byte-buddy-agent/1.15.11/byte-buddy-agent-1.15.11.jar:/home/marta-nascimento/.m2/repository/org/objenesis/objenesis/3.3/objenesis-3.3.jar:/home/marta-nascimento/.m2/repository/org/mockito/mockito-junit-jupiter/5.14.2/mockito-junit-jupiter-5.14.2.jar:/home/marta-nascimento/.m2/repository/org/skyscreamer/jsonassert/1.5.3/jsonassert-1.5.3.jar:/home/marta-nascimento/.m2/repository/com/vaadin/external/google/android-json/0.0.20131108.vaadin1/android-json-0.0.20131108.vaadin1.jar:/home/marta-nascimento/.m2/repository/org/springframework/spring-core/6.2.3/spring-core-6.2.3.jar:/home/marta-nascimento/.m2/repository/org/springframework/spring-jcl/6.2.3/spring-jcl-6.2.3.jar:/home/marta-nascimento/.m2/repository/org/springframework/spring-test/6.2.3/spring-test-6.2.3.jar:/home/marta-nascimento/.m2/repository/org/xmlunit/xmlunit-core/2.10.0/xmlunit-core-2.10.0.jar:/home/marta-nascimento/.m2/repository/org/springframework/boot/spring-boot-devtools/3.4.0/spring-boot-devtools-3.4.0.jar:/home/marta-nascimento/.m2/repository/org/springframework/boot/spring-boot/3.4.3/spring-boot-3.4.3.jar:/home/marta-nascimento/.m2/repository/org/springframework/boot/spring-boot-autoconfigure/3.4.3/spring-boot-autoconfigure-3.4.3.jar:/home/marta-nascimento/.m2/repository/com/h2database/h2/2.3.232/h2-2.3.232.jar:/home/marta-nascimento/.m2/repository/org/postgresql/postgresql/42.7.5/postgresql-42.7.5.jar:/home/marta-nascimento/.m2/repository/org/checkerframework/checker-qual/3.48.3/checker-qual-3.48.3.jar:/home/marta-nascimento/.m2/repository/org/projectlombok/lombok/1.18.30/lombok-1.18.30.jar:"/>
    <property name="sun.cpu.endian" value="little"/>
    <property name="user.home" value="/home/marta-nascimento"/>
    <property name="user.language" value="pt"/>
    <property name="java.specification.vendor" value="Oracle Corporation"/>
    <property name="java.version.date" value="2025-01-21"/>
    <property name="java.home" value="/usr/lib/jvm/java-21-openjdk-amd64"/>
    <property name="file.separator" value="/"/>
    <property name="basedir" value="/home/marta-nascimento/IdeaProjects/p3-java/project"/>
    <property name="java.vm.compressedOopsMode" value="Zero based"/>
    <property name="line.separator" value="&#10;"/>
    <property name="java.vm.specification.vendor" value="Oracle Corporation"/>
    <property name="java.specification.name" value="Java Platform API Specification"/>
    <property name="FILE_LOG_CHARSET" value="UTF-8"/>
    <property name="java.awt.headless" value="true"/>
    <property name="surefire.real.class.path" value="/home/marta-nascimento/IdeaProjects/p3-java/project/target/surefire/surefirebooter-20250416075030094_3.jar"/>
    <property name="sun.management.compiler" value="HotSpot 64-Bit Tiered Compilers"/>
    <property name="java.runtime.version" value="21.0.6+7-Ubuntu-124.04.1"/>
    <property name="user.name" value="marta-nascimento"/>
    <property name="stdout.encoding" value="UTF-8"/>
    <property name="path.separator" value=":"/>
    <property name="os.version" value="6.11.0-21-generic"/>
    <property name="java.runtime.name" value="OpenJDK Runtime Environment"/>
    <property name="file.encoding" value="UTF-8"/>
    <property name="java.vm.name" value="OpenJDK 64-Bit Server VM"/>
    <property name="localRepository" value="/home/marta-nascimento/.m2/repository"/>
    <property name="java.vendor.url.bug" value="https://bugs.launchpad.net/ubuntu/+source/openjdk-21"/>
    <property name="java.io.tmpdir" value="/tmp"/>
    <property name="com.zaxxer.hikari.pool_number" value="1"/>
    <property name="java.version" value="21.0.6"/>
    <property name="user.dir" value="/home/marta-nascimento/IdeaProjects/p3-java/project"/>
    <property name="os.arch" value="amd64"/>
    <property name="java.vm.specification.name" value="Java Virtual Machine Specification"/>
    <property name="PID" value="25529"/>
    <property name="CONSOLE_LOG_CHARSET" value="UTF-8"/>
    <property name="native.encoding" value="UTF-8"/>
    <property name="java.library.path" value="/usr/java/packages/lib:/usr/lib/x86_64-linux-gnu/jni:/lib/x86_64-linux-gnu:/usr/lib/x86_64-linux-gnu:/usr/lib/jni:/lib:/usr/lib"/>
    <property name="java.vm.info" value="mixed mode, sharing"/>
    <property name="stderr.encoding" value="UTF-8"/>
    <property name="java.vendor" value="Ubuntu"/>
    <property name="java.vm.version" value="21.0.6+7-Ubuntu-124.04.1"/>
    <property name="sun.io.unicode.encoding" value="UnicodeLittle"/>
    <property name="java.class.version" value="65.0"/>
  </properties>
  <testcase name="contextLoads" classname="com.c7.aeroporto.AeroportoApplicationTests" time="0.338">
    <system-out><![CDATA[07:50:31.082 [main] INFO org.springframework.test.context.support.AnnotationConfigContextLoaderUtils -- Could not detect default configuration classes for test class [com.c7.aeroporto.AeroportoApplicationTests]: AeroportoApplicationTests does not declare any static, non-private, non-final, nested classes annotated with @Configuration.
07:50:31.224 [main] INFO org.springframework.boot.test.context.SpringBootTestContextBootstrapper -- Found @SpringBootConfiguration com.c7.aeroporto.AeroportoApplication for test class com.c7.aeroporto.AeroportoApplicationTests
07:50:31.434 [main] INFO org.springframework.boot.devtools.restart.RestartApplicationListener -- Restart disabled due to context in which it is running

  .   ____          _            __ _ _
 /\\ / ___'_ __ _ _(_)_ __  __ _ \ \ \ \
( ( )\___ | '_ | '_| | '_ \/ _` | \ \ \ \
 \\/  ___)| |_)| | | | | || (_| |  ) ) ) )
  '  |____| .__|_| |_|_| |_\__, | / / / /
 =========|_|==============|___/=/_/_/_/

 :: Spring Boot ::                (v3.4.3)

2025-04-16T07:50:31.870-03:00  INFO 25529 --- [           main] c.c.aeroporto.AeroportoApplicationTests  : Starting AeroportoApplicationTests using Java 21.0.6 with PID 25529 (started by marta-nascimento in /home/marta-nascimento/IdeaProjects/p3-java/project)
2025-04-16T07:50:31.872-03:00  INFO 25529 --- [           main] c.c.aeroporto.AeroportoApplicationTests  : The following 1 profile is active: "test"
2025-04-16T07:50:32.751-03:00  INFO 25529 --- [           main] .s.d.r.c.RepositoryConfigurationDelegate : Bootstrapping Spring Data JPA repositories in DEFAULT mode.
2025-04-16T07:50:32.827-03:00  INFO 25529 --- [           main] .s.d.r.c.RepositoryConfigurationDelegate : Finished Spring Data repository scanning in 64 ms. Found 4 JPA repository interfaces.
2025-04-16T07:50:33.338-03:00  INFO 25529 --- [           main] o.hibernate.jpa.internal.util.LogHelper  : HHH000204: Processing PersistenceUnitInfo [name: default]
2025-04-16T07:50:33.388-03:00  INFO 25529 --- [           main] org.hibernate.Version                    : HHH000412: Hibernate ORM core version 6.6.8.Final
2025-04-16T07:50:33.413-03:00  INFO 25529 --- [           main] o.h.c.internal.RegionFactoryInitiator    : HHH000026: Second-level cache disabled
2025-04-16T07:50:33.644-03:00  INFO 25529 --- [           main] o.s.o.j.p.SpringPersistenceUnitInfo      : No LoadTimeWeaver setup: ignoring JPA class transformer
2025-04-16T07:50:33.679-03:00  INFO 25529 --- [           main] com.zaxxer.hikari.HikariDataSource       : HikariPool-1 - Starting...
2025-04-16T07:50:33.877-03:00  INFO 25529 --- [           main] com.zaxxer.hikari.pool.HikariPool        : HikariPool-1 - Added connection conn0: url=jdbc:h2:mem:testdb user=SA
2025-04-16T07:50:33.879-03:00  INFO 25529 --- [           main] com.zaxxer.hikari.HikariDataSource       : HikariPool-1 - Start completed.
2025-04-16T07:50:33.903-03:00  WARN 25529 --- [           main] org.hibernate.orm.deprecation            : HHH90000025: H2Dialect does not need to be specified explicitly using 'hibernate.dialect' (remove the property setting and it will be selected by default)
2025-04-16T07:50:33.924-03:00  INFO 25529 --- [           main] org.hibernate.orm.connections.pooling    : HHH10001005: Database info:
	Database JDBC URL [Connecting through datasource 'HikariDataSource (HikariPool-1)']
	Database driver: undefined/unknown
	Database version: 2.3.232
	Autocommit mode: undefined/unknown
	Isolation level: undefined/unknown
	Minimum pool size: undefined/unknown
	Maximum pool size: undefined/unknown
2025-04-16T07:50:34.650-03:00  INFO 25529 --- [           main] o.h.e.t.j.p.i.JtaPlatformInitiator       : HHH000489: No JTA platform available (set 'hibernate.transaction.jta.platform' to enable JTA platform integration)
Hibernate: 
    create table tb_airports (
        id bigint generated by default as identity,
        city varchar(255),
        number integer,
        state varchar(255),
        street varchar(255),
        zip_code integer,
        primary key (id)
    )
Hibernate: 
    create table tb_flights (
        id bigint generated by default as identity,
        arrival_time timestamp(6),
        departure_time timestamp(6),
        destination_city varchar(255),
        destination_number integer,
        destination_state varchar(255),
        destination_street varchar(255),
        destination_zip_code integer,
        flight_price float(53),
        origin_city varchar(255),
        origin_number integer,
        origin_state varchar(255),
        origin_street varchar(255),
        origin_zip_code integer,
        overweight_baggage_fee float(53),
        status integer,
        destination_airport_id bigint,
        origin_airport_id bigint,
        plane_id bigint,
        primary key (id)
    )
Hibernate: 
    create table tb_planes (
        id bigint generated by default as identity,
        max_luggage_weight float(53),
        max_passengers integer,
        max_weight_per_luggage float(53),
        max_weight_per_passenger float(53),
        model varchar(255),
        name varchar(255),
        total_allowed_passenger_weight float(53),
        primary key (id)
    )
Hibernate: 
    create table tb_planes_flights (
        plane_id bigint not null,
        flights_id bigint not null
    )
Hibernate: 
    create table tb_reservations (
        id bigint generated by default as identity,
        checked_in boolean not null,
        passenger_name varchar(255),
        reservation_date timestamp(6),
        seat_number varchar(255),
        flight_id bigint,
        primary key (id)
    )
Hibernate: 
    create table tb_user_client (
        id bigint generated by default as identity,
        loyalty_points integer,
        primary key (id)
    )
Hibernate: 
    create table tb_user_pilot (
        id bigint generated by default as identity,
        canac integer,
        primary key (id)
    )
Hibernate: 
    alter table if exists tb_planes_flights 
       drop constraint if exists UKhpvyw11qcixefwghbpfhi4p9l
Hibernate: 
    alter table if exists tb_planes_flights 
       add constraint UKhpvyw11qcixefwghbpfhi4p9l unique (flights_id)
Hibernate: 
    alter table if exists tb_flights 
       add constraint FK7c4sleu2ldfkn06b7t11hsp1b 
       foreign key (destination_airport_id) 
       references tb_airports
Hibernate: 
    alter table if exists tb_flights 
       add constraint FK695vafla7n4nx691bfp8oi0uj 
       foreign key (origin_airport_id) 
       references tb_airports
Hibernate: 
    alter table if exists tb_flights 
       add constraint FKh2d7ymgngtssc2xgpunp19epj 
       foreign key (plane_id) 
       references tb_planes
Hibernate: 
    alter table if exists tb_planes_flights 
       add constraint FKon880q9cxjs05m7kg978fl4re 
       foreign key (flights_id) 
       references tb_flights
Hibernate: 
    alter table if exists tb_planes_flights 
       add constraint FKo11x9rru25t9gu11gdyysvn7q 
       foreign key (plane_id) 
       references tb_planes
Hibernate: 
    alter table if exists tb_reservations 
       add constraint FKghisd9de0t853497ph1m9lv1p 
       foreign key (flight_id) 
       references tb_flights
2025-04-16T07:50:34.710-03:00  INFO 25529 --- [           main] j.LocalContainerEntityManagerFactoryBean : Initialized JPA EntityManagerFactory for persistence unit 'default'
2025-04-16T07:50:35.005-03:00  INFO 25529 --- [           main] o.s.d.j.r.query.QueryEnhancerFactory     : Hibernate is in classpath; If applicable, HQL parser will be used.
2025-04-16T07:50:35.969-03:00  INFO 25529 --- [           main] o.s.b.a.h2.H2ConsoleAutoConfiguration    : H2 console available at '/h2-console'. Database available at 'jdbc:h2:mem:testdb'
2025-04-16T07:50:36.038-03:00  INFO 25529 --- [           main] c.c.aeroporto.AeroportoApplicationTests  : Started AeroportoApplicationTests in 4.622 seconds (process running for 5.86)
Hibernate: 
    insert 
    into
        tb_planes
        (max_luggage_weight, max_passengers, max_weight_per_luggage, max_weight_per_passenger, model, name, total_allowed_passenger_weight, id) 
    values
        (?, ?, ?, ?, ?, ?, ?, default)
Hibernate: 
    insert 
    into
        tb_flights
        (arrival_time, departure_time, destination_city, destination_number, destination_state, destination_street, destination_zip_code, destination_airport_id, flight_price, origin_city, origin_number, origin_state, origin_street, origin_zip_code, origin_airport_id, overweight_baggage_fee, plane_id, status, id) 
    values
        (?, ?, ?, ?, ?, ?, ?, ?, ?, ?, ?, ?, ?, ?, ?, ?, ?, ?, default)
]]></system-out>
    <system-err><![CDATA[Mockito is currently self-attaching to enable the inline-mock-maker. This will no longer work in future releases of the JDK. Please add Mockito as an agent to your build what is described in Mockito's documentation: https://javadoc.io/doc/org.mockito/mockito-core/latest/org/mockito/Mockito.html#0.3
WARNING: A Java agent has been loaded dynamically (/home/marta-nascimento/.m2/repository/net/bytebuddy/byte-buddy-agent/1.15.11/byte-buddy-agent-1.15.11.jar)
WARNING: If a serviceability tool is in use, please run with -XX:+EnableDynamicAgentLoading to hide this warning
WARNING: If a serviceability tool is not in use, please run with -Djdk.instrument.traceUsage for more information
WARNING: Dynamic loading of agents will be disallowed by default in a future release
]]></system-err>
  </testcase>
</testsuite>